[2022-08-11 21:17:45.741751] Sucessfully committed 0 time(s).
[2022-08-11 21:18:25.421776] Sucessfully committed 5 time(s).
[2022-08-11 21:25:18.185060] Sucessfully committed 0 time(s).
[2022-08-11 21:25:25.458036] Sucessfully committed 3 time(s).
[2022-08-11 21:26:16.905009] Sucessfully committed 6 time(s).
[2022-08-11 21:34:00.849765] No commits were made.
[2022-08-11 21:34:58.194145] Sucessfully committed 4 time(s).
[2022-08-11 21:37:53.244727] Sucessfully committed 8 time(s).
[2022-08-11 23:50:35.647654] Sucessfully committed 3 time(s).
[2022-08-12 00:01:26.910099] Sucessfully committed 7 time(s).
[2022-08-12 00:12:06.335830] Sucessfully committed 3 time(s).
[2022-08-12 00:12:23.073375] Sucessfully committed 1 time(s).
[2022-08-12 08:52:03.043054] Sucessfully committed 3 time(s).
[2022-08-17 09:48:57.878655] Sucessfully committed 3 time(s).
[2022-08-18 09:27:31.327914] Sucessfully committed 5 time(s).
[2022-08-24 00:57:16.347636] Sucessfully committed 6 time(s).
[2022-08-25 11:23:57.412930] Sucessfully committed 6 time(s).
[2022-08-26 11:24:48.172636] Sucessfully committed 8 time(s).
[2022-08-30 19:35:35.758979] Sucessfully committed 5 time(s).
[2022-08-31 18:30:09.109935] Sucessfully committed 1 time(s).
[2022-09-05 17:26:49.805486] Sucessfully committed 0 time(s).
[2022-09-05 18:53:17.196243] Sucessfully committed 8 time(s).
[2022-09-06 19:32:18.458634] Sucessfully committed 4 time(s).
[2022-09-15 11:02:45.331305] Sucessfully committed 3 time(s).
[2022-09-15 11:03:26.244792] Sucessfully committed 7 time(s).
[2022-10-06 01:33:34.321831] Sucessfully committed 7 time(s).
[2022-10-06 01:35:57.117727] Sucessfully committed 3 time(s).
<<<<<<< HEAD
[2022-10-07 09:23:17.387558] Sucessfully committed 5 time(s).
[2022-10-08 15:32:22.579904] Sucessfully committed 1 time(s).
[2022-10-10 04:48:05.577099] Sucessfully committed 7 time(s).
[2022-10-12 00:25:39.421207] Sucessfully committed 8 time(s).
[2022-10-13 19:54:21.923299] Sucessfully committed 7 time(s).
[2022-10-13 19:55:21.928665] Sucessfully committed 5 time(s).
[2022-10-15 21:00:32.509069] Sucessfully committed 5 time(s).
[2022-10-19 16:53:43.515997] Sucessfully committed 5 time(s).
[2022-10-20 22:02:45.092485] Sucessfully committed 1 time(s).
[2022-10-25 00:36:27.174812] Sucessfully committed 8 time(s).
[2022-11-02 18:47:07.527077] Sucessfully committed 5 time(s).
[2022-11-04 00:33:52.661262] Sucessfully committed 8 time(s).
[2022-11-07 18:53:00.196226] Sucessfully committed 6 time(s).
[2022-11-09 16:34:55.485737] Sucessfully committed 8 time(s).
=======
[2022-11-04 00:55:03.561173] No commits were made.
>>>>>>> 99b93ea1c5f269ad314db64cfa56256bb5b0ab80
[2022-11-09 16:45:19.901951] Sucessfully committed 3 time(s).
[2022-11-15 15:04:05.144259] Sucessfully committed 4 time(s).
[2022-11-16 16:15:54.934465] Sucessfully committed 7 time(s).
[2022-11-22 14:36:43.424806] Sucessfully committed 6 time(s).
[2022-11-23 16:00:35.079244] Sucessfully committed 0 time(s).
[2022-11-24 16:04:47.203538] Sucessfully committed 7 time(s).
[2022-11-25 15:32:09.328452] No commits were made.
[2022-11-25 15:32:53.120444] Sucessfully committed 8 time(s).
[2022-12-01 15:44:03.745783] Sucessfully committed 0 time(s).
[2022-12-01 16:48:11.692973] No commits were made.
[2022-12-02 13:59:59.887053] Sucessfully committed 0 time(s).
